::1 - - [19/Jun/2021:10:56:22 +0000] "GET /api/user/login HTTP/1.1" 401 154 "-" "insomnia/2021.3.0"
::1 - - [19/Jun/2021:10:56:37 +0000] "GET /api/user/login HTTP/1.1" 401 154 "-" "insomnia/2021.3.0"
::1 - - [19/Jun/2021:10:56:48 +0000] "GET /api/user/login HTTP/1.1" 401 124 "-" "insomnia/2021.3.0"
::1 - - [19/Jun/2021:10:56:49 +0000] "GET /api/user/login HTTP/1.1" 401 124 "-" "insomnia/2021.3.0"
::1 - - [19/Jun/2021:10:59:13 +0000] "POST /api/user/login HTTP/1.1" 401 39 "-" "insomnia/2021.3.0"
::1 - - [19/Jun/2021:10:59:22 +0000] "POST /api/user/login HTTP/1.1" 500 295 "-" "insomnia/2021.3.0"
::1 - - [19/Jun/2021:12:16:57 +0000] "POST /api/user/login HTTP/1.1" 500 295 "-" "insomnia/2021.3.0"
::1 - - [19/Jun/2021:12:17:34 +0000] "GET /api/user HTTP/1.1" 200 5391 "-" "insomnia/2021.3.0"
::1 - - [19/Jun/2021:12:17:54 +0000] "GET /api/user HTTP/1.1" 200 5391 "-" "insomnia/2021.3.0"
::1 - - [19/Jun/2021:12:18:25 +0000] "GET /api/user HTTP/1.1" 401 154 "-" "insomnia/2021.3.0"
::1 - - [19/Jun/2021:12:19:13 +0000] "GET /api/user HTTP/1.1" 401 154 "-" "insomnia/2021.3.0"
::1 - - [19/Jun/2021:12:19:14 +0000] "GET /api/user HTTP/1.1" 401 154 "-" "insomnia/2021.3.0"
::1 - - [19/Jun/2021:12:21:17 +0000] "POST /api/user/login HTTP/1.1" 500 295 "-" "insomnia/2021.3.0"
::1 - - [19/Jun/2021:12:22:00 +0000] "POST /api/user/login HTTP/1.1" 500 295 "-" "insomnia/2021.3.0"
::1 - - [19/Jun/2021:12:22:49 +0000] "POST /api/user/login HTTP/1.1" 200 295 "-" "insomnia/2021.3.0"
::1 - - [19/Jun/2021:12:23:12 +0000] "POST /api/user/login HTTP/1.1" 200 295 "-" "insomnia/2021.3.0"
::1 - - [19/Jun/2021:12:23:19 +0000] "POST /api/user HTTP/1.1" 404 148 "-" "insomnia/2021.3.0"
::1 - - [19/Jun/2021:12:23:44 +0000] "GET /api/user HTTP/1.1" - - "-" "insomnia/2021.3.0"
::1 - - [19/Jun/2021:12:23:49 +0000] "GET /api/user HTTP/1.1" 401 154 "-" "insomnia/2021.3.0"
::1 - - [19/Jun/2021:12:24:48 +0000] "GET /api/user HTTP/1.1" 401 154 "-" "insomnia/2021.3.0"
::1 - - [19/Jun/2021:12:24:57 +0000] "POST /api/user/login HTTP/1.1" 200 295 "-" "insomnia/2021.3.0"
::1 - - [19/Jun/2021:12:25:35 +0000] "POST /api/user HTTP/1.1" 404 148 "-" "insomnia/2021.3.0"
::1 - - [19/Jun/2021:12:26:56 +0000] "GET /api/user HTTP/1.1" - - "-" "insomnia/2021.3.0"
::1 - - [19/Jun/2021:12:27:10 +0000] "GET /api/user HTTP/1.1" - - "-" "insomnia/2021.3.0"
::1 - - [19/Jun/2021:12:32:51 +0000] "POST /api/user/login HTTP/1.1" 200 295 "-" "insomnia/2021.3.0"
::1 - - [19/Jun/2021:12:33:15 +0000] "GET /api/user HTTP/1.1" 500 59 "-" "insomnia/2021.3.0"
::1 - - [19/Jun/2021:12:34:13 +0000] "GET /api/user HTTP/1.1" 200 5391 "-" "insomnia/2021.3.0"
::1 - - [19/Jun/2021:12:36:56 +0000] "GET /api/user HTTP/1.1" 200 5391 "-" "insomnia/2021.3.0"
::ffff:127.0.0.1 - - [19/Jun/2021:12:37:20 +0000] "GET /api/user HTTP/1.1" 200 5391 "-" "insomnia/2021.3.0"
::1 - - [19/Jun/2021:12:37:37 +0000] "GET /api/user/60c402ca703e5622dcbea84a HTTP/1.1" 500 38 "-" "insomnia/2021.3.0"
::1 - - [19/Jun/2021:12:38:26 +0000] "GET /api/user/60c402ca703e5622dcbea84a HTTP/1.1" 500 38 "-" "insomnia/2021.3.0"
::1 - - [19/Jun/2021:12:39:00 +0000] "GET /api/user/60c402ca703e5622dcbea84a HTTP/1.1" 200 150 "-" "insomnia/2021.3.0"
::1 - - [19/Jun/2021:12:40:22 +0000] "POST /api/user/registration HTTP/1.1" 400 45 "-" "insomnia/2021.3.0"
::1 - - [19/Jun/2021:12:40:32 +0000] "POST /api/user/registration HTTP/1.1" 500 134 "-" "insomnia/2021.3.0"
::1 - - [19/Jun/2021:12:40:52 +0000] "POST /api/user/registration HTTP/1.1" 200 55 "-" "insomnia/2021.3.0"
::1 - - [19/Jun/2021:12:41:44 +0000] "POST /api/user/registration HTTP/1.1" 200 365 "-" "insomnia/2021.3.0"
